<?xml version="1.0" encoding="UTF-8"?>
<testsuite xmlns:xsi="http://www.w3.org/2001/XMLSchema-instance" xsi:noNamespaceSchemaLocation="https://maven.apache.org/surefire/maven-surefire-plugin/xsd/surefire-test-report.xsd" name="com.exemplo.tdd.service.BonusServiceTest" time="0.035" tests="3" errors="0" skipped="0" failures="0">
  <properties>
[...]
</properties>
  <testcase name="bonusDeveriaSer10PorCentoDoSalario" classname="com.exemplo.tdd.service.BonusServiceTest" time="0.027"/>
  <testcase name="bonusDeveriaSerZeroParaFuncionarioComSalarioMuitoAlto" classname="com.exemplo.tdd.service.BonusServiceTest" time="0"/>
  <testcase name="bonusDeveriaSerDezPorCentoParaSalarioDeExatamente10000" classname="com.exemplo.tdd.service.BonusServiceTest" time="0"/>
</testsuite>